<?xml version="1.0" encoding="UTF-8"?>
<testng-results ignored="0" total="1" passed="1" failed="0" skipped="0">
  <reporter-output>
  </reporter-output>
  <suite started-at="2025-04-19T14:15:20 BST" name="Default suite" finished-at="2025-04-19T14:16:30 BST" duration-ms="70519">
    <groups>
    </groups>
    <test started-at="2025-04-19T14:15:20 BST" name="Default test" finished-at="2025-04-19T14:16:30 BST" duration-ms="70519">
      <class name="leisureCenter.Booking">
        <test-method signature="browser_actions()[pri:0, instance:leisureCenter.Booking@730d2164]" started-at="2025-04-19T14:15:20 BST" name="browser_actions" finished-at="2025-04-19T14:16:30 BST" duration-ms="70384" status="PASS">
          <reporter-output>
          </reporter-output>
        </test-method> <!-- browser_actions -->
      </class> <!-- leisureCenter.Booking -->
    </test> <!-- Default test -->
  </suite> <!-- Default suite -->
</testng-results>
