<?xml version="1.0" encoding="UTF-8"?>
<testng-results ignored="0" total="1" passed="0" failed="1" skipped="0">
  <reporter-output>
  </reporter-output>
  <suite started-at="2025-04-19T10:09:15 BST" name="Default suite" finished-at="2025-04-19T10:10:07 BST" duration-ms="51983">
    <groups>
    </groups>
    <test started-at="2025-04-19T10:09:15 BST" name="Default test" finished-at="2025-04-19T10:10:07 BST" duration-ms="51983">
      <class name="leisureCenter.Booking">
        <test-method signature="browser_actions()[pri:0, instance:leisureCenter.Booking@730d2164]" started-at="2025-04-19T10:09:15 BST" name="browser_actions" finished-at="2025-04-19T10:10:07 BST" duration-ms="51807" status="FAIL">
          <exception class="com.microsoft.playwright.TimeoutError">
            <message>
              <![CDATA[Error {
  message='Timeout 30000ms exceeded.
=========================== logs ===========================
waiting for selector "text=Sport Courts and Pitches"
  selector resolved to visible <button class="xn-button" id="toggleActivitiesOn" data-b…>Sport Courts and Pitches</button>
attempting click action
  waiting for element to be visible, enabled and stable
  element is visible, enabled and stable
  scrolling into view if needed
  done scrolling
  <div class="xn-content">…</div> from <div class="xn-component" id="AB0NA8FO83UO1NJX3W69NPM…>…</div> subtree intercepts pointer events
retrying click action, attempt #1
  waiting for element to be visible, enabled and stable
  element is visible, enabled and stable
  scrolling into view if needed
  done scrolling
  <div class="xn-content">…</div> from <div class="xn-component" id="AB0NA8FO83UO1NJX3W69NPM…>…</div> subtree intercepts pointer events
retrying click action, attempt #2
  waiting 20ms
  waiting for element to be visible, enabled and stable
  element is visible, enabled and stable
  scrolling into view if needed
  done scrolling
  <div class="xn-input-group" id="xn-site-selector-grou…>…</div> from <div class="xn-component" id="AB0NA8FO83UO1NJX3W69NPM…>…</div> subtree intercepts pointer events
retrying click action, attempt #3
  waiting 100ms
  waiting for element to be visible, enabled and stable
  element is visible, enabled and stable
  scrolling into view if needed
  done scrolling
  <div id="xn-site-select" class="xn-modal xn-visible" …>…</div> from <div class="xn-component" id="AB0NA8FO83UO1NJX3W69NPM…>…</div> subtree intercepts pointer events
retrying click action, attempt #4
  waiting 100ms
  waiting for element to be visible, enabled and stable
  element is visible, enabled and stable
  scrolling into view if needed
  done scrolling
  <div id="xn-site-select" class="xn-modal xn-visible" …>…</div> from <div class="xn-component" id="AB0NA8FO83UO1NJX3W69NPM…>…</div> subtree intercepts pointer events
retrying click action, attempt #5
  waiting 500ms
  waiting for element to be visible, enabled and stable
  element is visible, enabled and stable
  scrolling into view if needed
  done scrolling
  <div class="xn-content">…</div> from <div class="xn-component" id="AB0NA8FO83UO1NJX3W69NPM…>…</div> subtree intercepts pointer events
retrying click action, attempt #6
  waiting 500ms
  waiting for element to be visible, enabled and stable
  element is visible, enabled and stable
  scrolling into view if needed
  done scrolling
  <div class="xn-input-group" id="xn-site-selector-grou…>…</div> from <div class="xn-component" id="AB0NA8FO83UO1NJX3W69NPM…>…</div> subtree intercepts pointer events
retrying click action, attempt #7
  waiting 500ms
  waiting for element to be visible, enabled and stable
  element is visible, enabled and stable
  scrolling into view if needed
  done scrolling
  <div id="xn-site-select" class="xn-modal xn-visible" …>…</div> from <div class="xn-component" id="AB0NA8FO83UO1NJX3W69NPM…>…</div> subtree intercepts pointer events
retrying click action, attempt #8
  waiting 500ms
  waiting for element to be visible, enabled and stable
  element is visible, enabled and stable
  scrolling into view if needed
  done scrolling
  <div id="xn-site-select" class="xn-modal xn-visible" …>…</div> from <div class="xn-component" id="AB0NA8FO83UO1NJX3W69NPM…>…</div> subtree intercepts pointer events
retrying click action, attempt #9
  waiting 500ms
  waiting for element to be visible, enabled and stable
  element is visible, enabled and stable
  scrolling into view if needed
  done scrolling
  <div class="xn-content">…</div> from <div class="xn-component" id="AB0NA8FO83UO1NJX3W69NPM…>…</div> subtree intercepts pointer events
retrying click action, attempt #10
  waiting 500ms
  waiting for element to be visible, enabled and stable
  element is visible, enabled and stable
  scrolling into view if needed
  done scrolling
  <div class="xn-input-group" id="xn-site-selector-grou…>…</div> from <div class="xn-component" id="AB0NA8FO83UO1NJX3W69NPM…>…</div> subtree intercepts pointer events
retrying click action, attempt #11
  waiting 500ms
  waiting for element to be visible, enabled and stable
  element is visible, enabled and stable
  scrolling into view if needed
  done scrolling
  <div id="xn-site-select" class="xn-modal xn-visible" …>…</div> from <div class="xn-component" id="AB0NA8FO83UO1NJX3W69NPM…>…</div> subtree intercepts pointer events
retrying click action, attempt #12
  waiting 500ms
  waiting for element to be visible, enabled and stable
  element is visible, enabled and stable
  scrolling into view if needed
  done scrolling
  <div id="xn-site-select" class="xn-modal xn-visible" …>…</div> from <div class="xn-component" id="AB0NA8FO83UO1NJX3W69NPM…>…</div> subtree intercepts pointer events
retrying click action, attempt #13
  waiting 500ms
  waiting for element to be visible, enabled and stable
  element is visible, enabled and stable
  scrolling into view if needed
  done scrolling
  <div class="xn-content">…</div> from <div class="xn-component" id="AB0NA8FO83UO1NJX3W69NPM…>…</div> subtree intercepts pointer events
retrying click action, attempt #14
  waiting 500ms
  waiting for element to be visible, enabled and stable
  element is visible, enabled and stable
  scrolling into view if needed
  done scrolling
  <div class="xn-input-group" id="xn-site-selector-grou…>…</div> from <div class="xn-component" id="AB0NA8FO83UO1NJX3W69NPM…>…</div> subtree intercepts pointer events
retrying click action, attempt #15
  waiting 500ms
  waiting for element to be visible, enabled and stable
  element is visible, enabled and stable
  scrolling into view if needed
  done scrolling
  <div id="xn-site-select" class="xn-modal xn-visible" …>…</div> from <div class="xn-component" id="AB0NA8FO83UO1NJX3W69NPM…>…</div> subtree intercepts pointer events
retrying click action, attempt #16
  waiting 500ms
  waiting for element to be visible, enabled and stable
  element is visible, enabled and stable
  scrolling into view if needed
  done scrolling
  <div id="xn-site-select" class="xn-modal xn-visible" …>…</div> from <div class="xn-component" id="AB0NA8FO83UO1NJX3W69NPM…>…</div> subtree intercepts pointer events
retrying click action, attempt #17
  waiting 500ms
  waiting for element to be visible, enabled and stable
  element is visible, enabled and stable
  scrolling into view if needed
  done scrolling
  <div class="xn-content">…</div> from <div class="xn-component" id="AB0NA8FO83UO1NJX3W69NPM…>…</div> subtree intercepts pointer events
retrying click action, attempt #18
  waiting 500ms
  waiting for element to be visible, enabled and stable
  element is visible, enabled and stable
  scrolling into view if needed
  done scrolling
  <div class="xn-input-group" id="xn-site-selector-grou…>…</div> from <div class="xn-component" id="AB0NA8FO83UO1NJX3W69NPM…>…</div> subtree intercepts pointer events
retrying click action, attempt #19
  waiting 500ms
  waiting for element to be visible, enabled and stable
  element is visible, enabled and stable
  scrolling into view if needed
  done scrolling
  <div id="xn-site-select" class="xn-modal xn-visible" …>…</div> from <div class="xn-component" id="AB0NA8FO83UO1NJX3W69NPM…>…</div> subtree intercepts pointer events
retrying click action, attempt #20
  waiting 500ms
  waiting for element to be visible, enabled and stable
  element is visible, enabled and stable
  scrolling into view if needed
  done scrolling
  <div id="xn-site-select" class="xn-modal xn-visible" …>…</div> from <div class="xn-component" id="AB0NA8FO83UO1NJX3W69NPM…>…</div> subtree intercepts pointer events
retrying click action, attempt #21
  waiting 500ms
  waiting for element to be visible, enabled and stable
  element is visible, enabled and stable
  scrolling into view if needed
  done scrolling
  <div class="xn-content">…</div> from <div class="xn-component" id="AB0NA8FO83UO1NJX3W69NPM…>…</div> subtree intercepts pointer events
retrying click action, attempt #22
  waiting 500ms
  waiting for element to be visible, enabled and stable
  element is visible, enabled and stable
  scrolling into view if needed
  done scrolling
  <div class="xn-input-group" id="xn-site-selector-grou…>…</div> from <div class="xn-component" id="AB0NA8FO83UO1NJX3W69NPM…>…</div> subtree intercepts pointer events
retrying click action, attempt #23
  waiting 500ms
  waiting for element to be visible, enabled and stable
  element is visible, enabled and stable
  scrolling into view if needed
  done scrolling
  <div id="xn-site-select" class="xn-modal xn-visible" …>…</div> from <div class="xn-component" id="AB0NA8FO83UO1NJX3W69NPM…>…</div> subtree intercepts pointer events
retrying click action, attempt #24
  waiting 500ms
  waiting for element to be visible, enabled and stable
  element is visible, enabled and stable
  scrolling into view if needed
  done scrolling
  <div id="xn-site-select" class="xn-modal xn-visible" …>…</div> from <div class="xn-component" id="AB0NA8FO83UO1NJX3W69NPM…>…</div> subtree intercepts pointer events
retrying click action, attempt #25
  waiting 500ms
  waiting for element to be visible, enabled and stable
  element is visible, enabled and stable
  scrolling into view if needed
  done scrolling
  <div class="xn-content">…</div> from <div class="xn-component" id="AB0NA8FO83UO1NJX3W69NPM…>…</div> subtree intercepts pointer events
retrying click action, attempt #26
  waiting 500ms
  waiting for element to be visible, enabled and stable
  element is visible, enabled and stable
  scrolling into view if needed
  done scrolling
  <div class="xn-input-group" id="xn-site-selector-grou…>…</div> from <div class="xn-component" id="AB0NA8FO83UO1NJX3W69NPM…>…</div> subtree intercepts pointer events
retrying click action, attempt #27
  waiting 500ms
  waiting for element to be visible, enabled and stable
  element is visible, enabled and stable
  scrolling into view if needed
  done scrolling
  <div id="xn-site-select" class="xn-modal xn-visible" …>…</div> from <div class="xn-component" id="AB0NA8FO83UO1NJX3W69NPM…>…</div> subtree intercepts pointer events
retrying click action, attempt #28
  waiting 500ms
  waiting for element to be visible, enabled and stable
  element is visible, enabled and stable
  scrolling into view if needed
  done scrolling
  <div id="xn-site-select" class="xn-modal xn-visible" …>…</div> from <div class="xn-component" id="AB0NA8FO83UO1NJX3W69NPM…>…</div> subtree intercepts pointer events
retrying click action, attempt #29
  waiting 500ms
  waiting for element to be visible, enabled and stable
  element is visible, enabled and stable
  scrolling into view if needed
  done scrolling
  <div class="xn-content">…</div> from <div class="xn-component" id="AB0NA8FO83UO1NJX3W69NPM…>…</div> subtree intercepts pointer events
retrying click action, attempt #30
  waiting 500ms
  waiting for element to be visible, enabled and stable
  element is visible, enabled and stable
  scrolling into view if needed
  done scrolling
  <div class="xn-input-group" id="xn-site-selector-grou…>…</div> from <div class="xn-component" id="AB0NA8FO83UO1NJX3W69NPM…>…</div> subtree intercepts pointer events
retrying click action, attempt #31
  waiting 500ms
  waiting for element to be visible, enabled and stable
  element is visible, enabled and stable
  scrolling into view if needed
  done scrolling
  <div id="xn-site-select" class="xn-modal xn-visible" …>…</div> from <div class="xn-component" id="AB0NA8FO83UO1NJX3W69NPM…>…</div> subtree intercepts pointer events
retrying click action, attempt #32
  waiting 500ms
  waiting for element to be visible, enabled and stable
  element is visible, enabled and stable
  scrolling into view if needed
  done scrolling
  <div id="xn-site-select" class="xn-modal xn-visible" …>…</div> from <div class="xn-component" id="AB0NA8FO83UO1NJX3W69NPM…>…</div> subtree intercepts pointer events
retrying click action, attempt #33
  waiting 500ms
  waiting for element to be visible, enabled and stable
  element is visible, enabled and stable
  scrolling into view if needed
  done scrolling
  <div class="xn-content">…</div> from <div class="xn-component" id="AB0NA8FO83UO1NJX3W69NPM…>…</div> subtree intercepts pointer events
retrying click action, attempt #34
  waiting 500ms
  waiting for element to be visible, enabled and stable
  element is visible, enabled and stable
  scrolling into view if needed
  done scrolling
  <div class="xn-input-group" id="xn-site-selector-grou…>…</div> from <div class="xn-component" id="AB0NA8FO83UO1NJX3W69NPM…>…</div> subtree intercepts pointer events
retrying click action, attempt #35
  waiting 500ms
  waiting for element to be visible, enabled and stable
  element is visible, enabled and stable
  scrolling into view if needed
  done scrolling
  <div id="xn-site-select" class="xn-modal xn-visible" …>…</div> from <div class="xn-component" id="AB0NA8FO83UO1NJX3W69NPM…>…</div> subtree intercepts pointer events
retrying click action, attempt #36
  waiting 500ms
  waiting for element to be visible, enabled and stable
  element is visible, enabled and stable
  scrolling into view if needed
  done scrolling
  <div id="xn-site-select" class="xn-modal xn-visible" …>…</div> from <div class="xn-component" id="AB0NA8FO83UO1NJX3W69NPM…>…</div> subtree intercepts pointer events
retrying click action, attempt #37
  waiting 500ms
  waiting for element to be visible, enabled and stable
  element is visible, enabled and stable
  scrolling into view if needed
  done scrolling
  <div class="xn-content">…</div> from <div class="xn-component" id="AB0NA8FO83UO1NJX3W69NPM…>…</div> subtree intercepts pointer events
retrying click action, attempt #38
  waiting 500ms
  waiting for element to be visible, enabled and stable
  element is visible, enabled and stable
  scrolling into view if needed
  done scrolling
  <div class="xn-input-group" id="xn-site-selector-grou…>…</div> from <div class="xn-component" id="AB0NA8FO83UO1NJX3W69NPM…>…</div> subtree intercepts pointer events
retrying click action, attempt #39
  waiting 500ms
  waiting for element to be visible, enabled and stable
  element is visible, enabled and stable
  scrolling into view if needed
  done scrolling
  <div id="xn-site-select" class="xn-modal xn-visible" …>…</div> from <div class="xn-component" id="AB0NA8FO83UO1NJX3W69NPM…>…</div> subtree intercepts pointer events
retrying click action, attempt #40
  waiting 500ms
  waiting for element to be visible, enabled and stable
  element is visible, enabled and stable
  scrolling into view if needed
  done scrolling
  <div id="xn-site-select" class="xn-modal xn-visible" …>…</div> from <div class="xn-component" id="AB0NA8FO83UO1NJX3W69NPM…>…</div> subtree intercepts pointer events
retrying click action, attempt #41
  waiting 500ms
  waiting for element to be visible, enabled and stable
  element is visible, enabled and stable
  scrolling into view if needed
  done scrolling
  <div class="xn-content">…</div> from <div class="xn-component" id="AB0NA8FO83UO1NJX3W69NPM…>…</div> subtree intercepts pointer events
retrying click action, attempt #42
  waiting 500ms
  waiting for element to be visible, enabled and stable
  element is visible, enabled and stable
  scrolling into view if needed
  done scrolling
  <div class="xn-input-group" id="xn-site-selector-grou…>…</div> from <div class="xn-component" id="AB0NA8FO83UO1NJX3W69NPM…>…</div> subtree intercepts pointer events
retrying click action, attempt #43
  waiting 500ms
  waiting for element to be visible, enabled and stable
  element is visible, enabled and stable
  scrolling into view if needed
  done scrolling
  <div id="xn-site-select" class="xn-modal xn-visible" …>…</div> from <div class="xn-component" id="AB0NA8FO83UO1NJX3W69NPM…>…</div> subtree intercepts pointer events
retrying click action, attempt #44
  waiting 500ms
  waiting for element to be visible, enabled and stable
  element is visible, enabled and stable
  scrolling into view if needed
  done scrolling
  <div id="xn-site-select" class="xn-modal xn-visible" …>…</div> from <div class="xn-component" id="AB0NA8FO83UO1NJX3W69NPM…>…</div> subtree intercepts pointer events
retrying click action, attempt #45
  waiting 500ms
  waiting for element to be visible, enabled and stable
  element is visible, enabled and stable
  scrolling into view if needed
  done scrolling
  <div class="xn-content">…</div> from <div class="xn-component" id="AB0NA8FO83UO1NJX3W69NPM…>…</div> subtree intercepts pointer events
retrying click action, attempt #46
  waiting 500ms
  waiting for element to be visible, enabled and stable
  element is visible, enabled and stable
  scrolling into view if needed
  done scrolling
  <div class="xn-input-group" id="xn-site-selector-grou…>…</div> from <div class="xn-component" id="AB0NA8FO83UO1NJX3W69NPM…>…</div> subtree intercepts pointer events
retrying click action, attempt #47
  waiting 500ms
  waiting for element to be visible, enabled and stable
  element is visible, enabled and stable
  scrolling into view if needed
  done scrolling
  <div id="xn-site-select" class="xn-modal xn-visible" …>…</div> from <div class="xn-component" id="AB0NA8FO83UO1NJX3W69NPM…>…</div> subtree intercepts pointer events
retrying click action, attempt #48
  waiting 500ms
  waiting for element to be visible, enabled and stable
  element is visible, enabled and stable
  scrolling into view if needed
  done scrolling
  <div id="xn-site-select" class="xn-modal xn-visible" …>…</div> from <div class="xn-component" id="AB0NA8FO83UO1NJX3W69NPM…>…</div> subtree intercepts pointer events
retrying click action, attempt #49
  waiting 500ms
  waiting for element to be visible, enabled and stable
  element is visible, enabled and stable
  scrolling into view if needed
  done scrolling
  <div class="xn-content">…</div> from <div class="xn-component" id="AB0NA8FO83UO1NJX3W69NPM…>…</div> subtree intercepts pointer events
retrying click action, attempt #50
  waiting 500ms
  waiting for element to be visible, enabled and stable
  element is visible, enabled and stable
  scrolling into view if needed
  done scrolling
  <div class="xn-input-group" id="xn-site-selector-grou…>…</div> from <div class="xn-component" id="AB0NA8FO83UO1NJX3W69NPM…>…</div> subtree intercepts pointer events
retrying click action, attempt #51
  waiting 500ms
  waiting for element to be visible, enabled and stable
  element is visible, enabled and stable
  scrolling into view if needed
  done scrolling
  <div id="xn-site-select" class="xn-modal xn-visible" …>…</div> from <div class="xn-component" id="AB0NA8FO83UO1NJX3W69NPM…>…</div> subtree intercepts pointer events
retrying click action, attempt #52
  waiting 500ms
  waiting for element to be visible, enabled and stable
  element is visible, enabled and stable
  scrolling into view if needed
  done scrolling
  <div id="xn-site-select" class="xn-modal xn-visible" …>…</div> from <div class="xn-component" id="AB0NA8FO83UO1NJX3W69NPM…>…</div> subtree intercepts pointer events
retrying click action, attempt #53
  waiting 500ms
  waiting for element to be visible, enabled and stable
  element is visible, enabled and stable
  scrolling into view if needed
  done scrolling
  <div class="xn-content">…</div> from <div class="xn-component" id="AB0NA8FO83UO1NJX3W69NPM…>…</div> subtree intercepts pointer events
retrying click action, attempt #54
  waiting 500ms
  waiting for element to be visible, enabled and stable
  element is visible, enabled and stable
  scrolling into view if needed
  done scrolling
  <div class="xn-input-group" id="xn-site-selector-grou…>…</div> from <div class="xn-component" id="AB0NA8FO83UO1NJX3W69NPM…>…</div> subtree intercepts pointer events
retrying click action, attempt #55
  waiting 500ms
  waiting for element to be visible, enabled and stable
  element is visible, enabled and stable
  scrolling into view if needed
  done scrolling
  <div id="xn-site-select" class="xn-modal xn-visible" …>…</div> from <div class="xn-component" id="AB0NA8FO83UO1NJX3W69NPM…>…</div> subtree intercepts pointer events
retrying click action, attempt #56
  waiting 500ms
  waiting for element to be visible, enabled and stable
  element is visible, enabled and stable
  scrolling into view if needed
  done scrolling
  <div id="xn-site-select" class="xn-modal xn-visible" …>…</div> from <div class="xn-component" id="AB0NA8FO83UO1NJX3W69NPM…>…</div> subtree intercepts pointer events
retrying click action, attempt #57
  waiting 500ms
  waiting for element to be visible, enabled and stable
  element is visible, enabled and stable
  scrolling into view if needed
  done scrolling
  <div class="xn-content">…</div> from <div class="xn-component" id="AB0NA8FO83UO1NJX3W69NPM…>…</div> subtree intercepts pointer events
retrying click action, attempt #58
  waiting 500ms
============================================================
  name='TimeoutError
  stack='TimeoutError: Timeout 30000ms exceeded.
=========================== logs ===========================
waiting for selector "text=Sport Courts and Pitches"
  selector resolved to visible <button class="xn-button" id="toggleActivitiesOn" data-b…>Sport Courts and Pitches</button>
attempting click action
  waiting for element to be visible, enabled and stable
  element is visible, enabled and stable
  scrolling into view if needed
  done scrolling
  <div class="xn-content">…</div> from <div class="xn-component" id="AB0NA8FO83UO1NJX3W69NPM…>…</div> subtree intercepts pointer events
retrying click action, attempt #1
  waiting for element to be visible, enabled and stable
  element is visible, enabled and stable
  scrolling into view if needed
  done scrolling
  <div class="xn-content">…</div> from <div class="xn-component" id="AB0NA8FO83UO1NJX3W69NPM…>…</div> subtree intercepts pointer events
retrying click action, attempt #2
  waiting 20ms
  waiting for element to be visible, enabled and stable
  element is visible, enabled and stable
  scrolling into view if needed
  done scrolling
  <div class="xn-input-group" id="xn-site-selector-grou…>…</div> from <div class="xn-component" id="AB0NA8FO83UO1NJX3W69NPM…>…</div> subtree intercepts pointer events
retrying click action, attempt #3
  waiting 100ms
  waiting for element to be visible, enabled and stable
  element is visible, enabled and stable
  scrolling into view if needed
  done scrolling
  <div id="xn-site-select" class="xn-modal xn-visible" …>…</div> from <div class="xn-component" id="AB0NA8FO83UO1NJX3W69NPM…>…</div> subtree intercepts pointer events
retrying click action, attempt #4
  waiting 100ms
  waiting for element to be visible, enabled and stable
  element is visible, enabled and stable
  scrolling into view if needed
  done scrolling
  <div id="xn-site-select" class="xn-modal xn-visible" …>…</div> from <div class="xn-component" id="AB0NA8FO83UO1NJX3W69NPM…>…</div> subtree intercepts pointer events
retrying click action, attempt #5
  waiting 500ms
  waiting for element to be visible, enabled and stable
  element is visible, enabled and stable
  scrolling into view if needed
  done scrolling
  <div class="xn-content">…</div> from <div class="xn-component" id="AB0NA8FO83UO1NJX3W69NPM…>…</div> subtree intercepts pointer events
retrying click action, attempt #6
  waiting 500ms
  waiting for element to be visible, enabled and stable
  element is visible, enabled and stable
  scrolling into view if needed
  done scrolling
  <div class="xn-input-group" id="xn-site-selector-grou…>…</div> from <div class="xn-component" id="AB0NA8FO83UO1NJX3W69NPM…>…</div> subtree intercepts pointer events
retrying click action, attempt #7
  waiting 500ms
  waiting for element to be visible, enabled and stable
  element is visible, enabled and stable
  scrolling into view if needed
  done scrolling
  <div id="xn-site-select" class="xn-modal xn-visible" …>…</div> from <div class="xn-component" id="AB0NA8FO83UO1NJX3W69NPM…>…</div> subtree intercepts pointer events
retrying click action, attempt #8
  waiting 500ms
  waiting for element to be visible, enabled and stable
  element is visible, enabled and stable
  scrolling into view if needed
  done scrolling
  <div id="xn-site-select" class="xn-modal xn-visible" …>…</div> from <div class="xn-component" id="AB0NA8FO83UO1NJX3W69NPM…>…</div> subtree intercepts pointer events
retrying click action, attempt #9
  waiting 500ms
  waiting for element to be visible, enabled and stable
  element is visible, enabled and stable
  scrolling into view if needed
  done scrolling
  <div class="xn-content">…</div> from <div class="xn-component" id="AB0NA8FO83UO1NJX3W69NPM…>…</div> subtree intercepts pointer events
retrying click action, attempt #10
  waiting 500ms
  waiting for element to be visible, enabled and stable
  element is visible, enabled and stable
  scrolling into view if needed
  done scrolling
  <div class="xn-input-group" id="xn-site-selector-grou…>…</div> from <div class="xn-component" id="AB0NA8FO83UO1NJX3W69NPM…>…</div> subtree intercepts pointer events
retrying click action, attempt #11
  waiting 500ms
  waiting for element to be visible, enabled and stable
  element is visible, enabled and stable
  scrolling into view if needed
  done scrolling
  <div id="xn-site-select" class="xn-modal xn-visible" …>…</div> from <div class="xn-component" id="AB0NA8FO83UO1NJX3W69NPM…>…</div> subtree intercepts pointer events
retrying click action, attempt #12
  waiting 500ms
  waiting for element to be visible, enabled and stable
  element is visible, enabled and stable
  scrolling into view if needed
  done scrolling
  <div id="xn-site-select" class="xn-modal xn-visible" …>…</div> from <div class="xn-component" id="AB0NA8FO83UO1NJX3W69NPM…>…</div> subtree intercepts pointer events
retrying click action, attempt #13
  waiting 500ms
  waiting for element to be visible, enabled and stable
  element is visible, enabled and stable
  scrolling into view if needed
  done scrolling
  <div class="xn-content">…</div> from <div class="xn-component" id="AB0NA8FO83UO1NJX3W69NPM…>…</div> subtree intercepts pointer events
retrying click action, attempt #14
  waiting 500ms
  waiting for element to be visible, enabled and stable
  element is visible, enabled and stable
  scrolling into view if needed
  done scrolling
  <div class="xn-input-group" id="xn-site-selector-grou…>…</div> from <div class="xn-component" id="AB0NA8FO83UO1NJX3W69NPM…>…</div> subtree intercepts pointer events
retrying click action, attempt #15
  waiting 500ms
  waiting for element to be visible, enabled and stable
  element is visible, enabled and stable
  scrolling into view if needed
  done scrolling
  <div id="xn-site-select" class="xn-modal xn-visible" …>…</div> from <div class="xn-component" id="AB0NA8FO83UO1NJX3W69NPM…>…</div> subtree intercepts pointer events
retrying click action, attempt #16
  waiting 500ms
  waiting for element to be visible, enabled and stable
  element is visible, enabled and stable
  scrolling into view if needed
  done scrolling
  <div id="xn-site-select" class="xn-modal xn-visible" …>…</div> from <div class="xn-component" id="AB0NA8FO83UO1NJX3W69NPM…>…</div> subtree intercepts pointer events
retrying click action, attempt #17
  waiting 500ms
  waiting for element to be visible, enabled and stable
  element is visible, enabled and stable
  scrolling into view if needed
  done scrolling
  <div class="xn-content">…</div> from <div class="xn-component" id="AB0NA8FO83UO1NJX3W69NPM…>…</div> subtree intercepts pointer events
retrying click action, attempt #18
  waiting 500ms
  waiting for element to be visible, enabled and stable
  element is visible, enabled and stable
  scrolling into view if needed
  done scrolling
  <div class="xn-input-group" id="xn-site-selector-grou…>…</div> from <div class="xn-component" id="AB0NA8FO83UO1NJX3W69NPM…>…</div> subtree intercepts pointer events
retrying click action, attempt #19
  waiting 500ms
  waiting for element to be visible, enabled and stable
  element is visible, enabled and stable
  scrolling into view if needed
  done scrolling
  <div id="xn-site-select" class="xn-modal xn-visible" …>…</div> from <div class="xn-component" id="AB0NA8FO83UO1NJX3W69NPM…>…</div> subtree intercepts pointer events
retrying click action, attempt #20
  waiting 500ms
  waiting for element to be visible, enabled and stable
  element is visible, enabled and stable
  scrolling into view if needed
  done scrolling
  <div id="xn-site-select" class="xn-modal xn-visible" …>…</div> from <div class="xn-component" id="AB0NA8FO83UO1NJX3W69NPM…>…</div> subtree intercepts pointer events
retrying click action, attempt #21
  waiting 500ms
  waiting for element to be visible, enabled and stable
  element is visible, enabled and stable
  scrolling into view if needed
  done scrolling
  <div class="xn-content">…</div> from <div class="xn-component" id="AB0NA8FO83UO1NJX3W69NPM…>…</div> subtree intercepts pointer events
retrying click action, attempt #22
  waiting 500ms
  waiting for element to be visible, enabled and stable
  element is visible, enabled and stable
  scrolling into view if needed
  done scrolling
  <div class="xn-input-group" id="xn-site-selector-grou…>…</div> from <div class="xn-component" id="AB0NA8FO83UO1NJX3W69NPM…>…</div> subtree intercepts pointer events
retrying click action, attempt #23
  waiting 500ms
  waiting for element to be visible, enabled and stable
  element is visible, enabled and stable
  scrolling into view if needed
  done scrolling
  <div id="xn-site-select" class="xn-modal xn-visible" …>…</div> from <div class="xn-component" id="AB0NA8FO83UO1NJX3W69NPM…>…</div> subtree intercepts pointer events
retrying click action, attempt #24
  waiting 500ms
  waiting for element to be visible, enabled and stable
  element is visible, enabled and stable
  scrolling into view if needed
  done scrolling
  <div id="xn-site-select" class="xn-modal xn-visible" …>…</div> from <div class="xn-component" id="AB0NA8FO83UO1NJX3W69NPM…>…</div> subtree intercepts pointer events
retrying click action, attempt #25
  waiting 500ms
  waiting for element to be visible, enabled and stable
  element is visible, enabled and stable
  scrolling into view if needed
  done scrolling
  <div class="xn-content">…</div> from <div class="xn-component" id="AB0NA8FO83UO1NJX3W69NPM…>…</div> subtree intercepts pointer events
retrying click action, attempt #26
  waiting 500ms
  waiting for element to be visible, enabled and stable
  element is visible, enabled and stable
  scrolling into view if needed
  done scrolling
  <div class="xn-input-group" id="xn-site-selector-grou…>…</div> from <div class="xn-component" id="AB0NA8FO83UO1NJX3W69NPM…>…</div> subtree intercepts pointer events
retrying click action, attempt #27
  waiting 500ms
  waiting for element to be visible, enabled and stable
  element is visible, enabled and stable
  scrolling into view if needed
  done scrolling
  <div id="xn-site-select" class="xn-modal xn-visible" …>…</div> from <div class="xn-component" id="AB0NA8FO83UO1NJX3W69NPM…>…</div> subtree intercepts pointer events
retrying click action, attempt #28
  waiting 500ms
  waiting for element to be visible, enabled and stable
  element is visible, enabled and stable
  scrolling into view if needed
  done scrolling
  <div id="xn-site-select" class="xn-modal xn-visible" …>…</div> from <div class="xn-component" id="AB0NA8FO83UO1NJX3W69NPM…>…</div> subtree intercepts pointer events
retrying click action, attempt #29
  waiting 500ms
  waiting for element to be visible, enabled and stable
  element is visible, enabled and stable
  scrolling into view if needed
  done scrolling
  <div class="xn-content">…</div> from <div class="xn-component" id="AB0NA8FO83UO1NJX3W69NPM…>…</div> subtree intercepts pointer events
retrying click action, attempt #30
  waiting 500ms
  waiting for element to be visible, enabled and stable
  element is visible, enabled and stable
  scrolling into view if needed
  done scrolling
  <div class="xn-input-group" id="xn-site-selector-grou…>…</div> from <div class="xn-component" id="AB0NA8FO83UO1NJX3W69NPM…>…</div> subtree intercepts pointer events
retrying click action, attempt #31
  waiting 500ms
  waiting for element to be visible, enabled and stable
  element is visible, enabled and stable
  scrolling into view if needed
  done scrolling
  <div id="xn-site-select" class="xn-modal xn-visible" …>…</div> from <div class="xn-component" id="AB0NA8FO83UO1NJX3W69NPM…>…</div> subtree intercepts pointer events
retrying click action, attempt #32
  waiting 500ms
  waiting for element to be visible, enabled and stable
  element is visible, enabled and stable
  scrolling into view if needed
  done scrolling
  <div id="xn-site-select" class="xn-modal xn-visible" …>…</div> from <div class="xn-component" id="AB0NA8FO83UO1NJX3W69NPM…>…</div> subtree intercepts pointer events
retrying click action, attempt #33
  waiting 500ms
  waiting for element to be visible, enabled and stable
  element is visible, enabled and stable
  scrolling into view if needed
  done scrolling
  <div class="xn-content">…</div> from <div class="xn-component" id="AB0NA8FO83UO1NJX3W69NPM…>…</div> subtree intercepts pointer events
retrying click action, attempt #34
  waiting 500ms
  waiting for element to be visible, enabled and stable
  element is visible, enabled and stable
  scrolling into view if needed
  done scrolling
  <div class="xn-input-group" id="xn-site-selector-grou…>…</div> from <div class="xn-component" id="AB0NA8FO83UO1NJX3W69NPM…>…</div> subtree intercepts pointer events
retrying click action, attempt #35
  waiting 500ms
  waiting for element to be visible, enabled and stable
  element is visible, enabled and stable
  scrolling into view if needed
  done scrolling
  <div id="xn-site-select" class="xn-modal xn-visible" …>…</div> from <div class="xn-component" id="AB0NA8FO83UO1NJX3W69NPM…>…</div> subtree intercepts pointer events
retrying click action, attempt #36
  waiting 500ms
  waiting for element to be visible, enabled and stable
  element is visible, enabled and stable
  scrolling into view if needed
  done scrolling
  <div id="xn-site-select" class="xn-modal xn-visible" …>…</div> from <div class="xn-component" id="AB0NA8FO83UO1NJX3W69NPM…>…</div> subtree intercepts pointer events
retrying click action, attempt #37
  waiting 500ms
  waiting for element to be visible, enabled and stable
  element is visible, enabled and stable
  scrolling into view if needed
  done scrolling
  <div class="xn-content">…</div> from <div class="xn-component" id="AB0NA8FO83UO1NJX3W69NPM…>…</div> subtree intercepts pointer events
retrying click action, attempt #38
  waiting 500ms
  waiting for element to be visible, enabled and stable
  element is visible, enabled and stable
  scrolling into view if needed
  done scrolling
  <div class="xn-input-group" id="xn-site-selector-grou…>…</div> from <div class="xn-component" id="AB0NA8FO83UO1NJX3W69NPM…>…</div> subtree intercepts pointer events
retrying click action, attempt #39
  waiting 500ms
  waiting for element to be visible, enabled and stable
  element is visible, enabled and stable
  scrolling into view if needed
  done scrolling
  <div id="xn-site-select" class="xn-modal xn-visible" …>…</div> from <div class="xn-component" id="AB0NA8FO83UO1NJX3W69NPM…>…</div> subtree intercepts pointer events
retrying click action, attempt #40
  waiting 500ms
  waiting for element to be visible, enabled and stable
  element is visible, enabled and stable
  scrolling into view if needed
  done scrolling
  <div id="xn-site-select" class="xn-modal xn-visible" …>…</div> from <div class="xn-component" id="AB0NA8FO83UO1NJX3W69NPM…>…</div> subtree intercepts pointer events
retrying click action, attempt #41
  waiting 500ms
  waiting for element to be visible, enabled and stable
  element is visible, enabled and stable
  scrolling into view if needed
  done scrolling
  <div class="xn-content">…</div> from <div class="xn-component" id="AB0NA8FO83UO1NJX3W69NPM…>…</div> subtree intercepts pointer events
retrying click action, attempt #42
  waiting 500ms
  waiting for element to be visible, enabled and stable
  element is visible, enabled and stable
  scrolling into view if needed
  done scrolling
  <div class="xn-input-group" id="xn-site-selector-grou…>…</div> from <div class="xn-component" id="AB0NA8FO83UO1NJX3W69NPM…>…</div> subtree intercepts pointer events
retrying click action, attempt #43
  waiting 500ms
  waiting for element to be visible, enabled and stable
  element is visible, enabled and stable
  scrolling into view if needed
  done scrolling
  <div id="xn-site-select" class="xn-modal xn-visible" …>…</div> from <div class="xn-component" id="AB0NA8FO83UO1NJX3W69NPM…>…</div> subtree intercepts pointer events
retrying click action, attempt #44
  waiting 500ms
  waiting for element to be visible, enabled and stable
  element is visible, enabled and stable
  scrolling into view if needed
  done scrolling
  <div id="xn-site-select" class="xn-modal xn-visible" …>…</div> from <div class="xn-component" id="AB0NA8FO83UO1NJX3W69NPM…>…</div> subtree intercepts pointer events
retrying click action, attempt #45
  waiting 500ms
  waiting for element to be visible, enabled and stable
  element is visible, enabled and stable
  scrolling into view if needed
  done scrolling
  <div class="xn-content">…</div> from <div class="xn-component" id="AB0NA8FO83UO1NJX3W69NPM…>…</div> subtree intercepts pointer events
retrying click action, attempt #46
  waiting 500ms
  waiting for element to be visible, enabled and stable
  element is visible, enabled and stable
  scrolling into view if needed
  done scrolling
  <div class="xn-input-group" id="xn-site-selector-grou…>…</div> from <div class="xn-component" id="AB0NA8FO83UO1NJX3W69NPM…>…</div> subtree intercepts pointer events
retrying click action, attempt #47
  waiting 500ms
  waiting for element to be visible, enabled and stable
  element is visible, enabled and stable
  scrolling into view if needed
  done scrolling
  <div id="xn-site-select" class="xn-modal xn-visible" …>…</div> from <div class="xn-component" id="AB0NA8FO83UO1NJX3W69NPM…>…</div> subtree intercepts pointer events
retrying click action, attempt #48
  waiting 500ms
  waiting for element to be visible, enabled and stable
  element is visible, enabled and stable
  scrolling into view if needed
  done scrolling
  <div id="xn-site-select" class="xn-modal xn-visible" …>…</div> from <div class="xn-component" id="AB0NA8FO83UO1NJX3W69NPM…>…</div> subtree intercepts pointer events
retrying click action, attempt #49
  waiting 500ms
  waiting for element to be visible, enabled and stable
  element is visible, enabled and stable
  scrolling into view if needed
  done scrolling
  <div class="xn-content">…</div> from <div class="xn-component" id="AB0NA8FO83UO1NJX3W69NPM…>…</div> subtree intercepts pointer events
retrying click action, attempt #50
  waiting 500ms
  waiting for element to be visible, enabled and stable
  element is visible, enabled and stable
  scrolling into view if needed
  done scrolling
  <div class="xn-input-group" id="xn-site-selector-grou…>…</div> from <div class="xn-component" id="AB0NA8FO83UO1NJX3W69NPM…>…</div> subtree intercepts pointer events
retrying click action, attempt #51
  waiting 500ms
  waiting for element to be visible, enabled and stable
  element is visible, enabled and stable
  scrolling into view if needed
  done scrolling
  <div id="xn-site-select" class="xn-modal xn-visible" …>…</div> from <div class="xn-component" id="AB0NA8FO83UO1NJX3W69NPM…>…</div> subtree intercepts pointer events
retrying click action, attempt #52
  waiting 500ms
  waiting for element to be visible, enabled and stable
  element is visible, enabled and stable
  scrolling into view if needed
  done scrolling
  <div id="xn-site-select" class="xn-modal xn-visible" …>…</div> from <div class="xn-component" id="AB0NA8FO83UO1NJX3W69NPM…>…</div> subtree intercepts pointer events
retrying click action, attempt #53
  waiting 500ms
  waiting for element to be visible, enabled and stable
  element is visible, enabled and stable
  scrolling into view if needed
  done scrolling
  <div class="xn-content">…</div> from <div class="xn-component" id="AB0NA8FO83UO1NJX3W69NPM…>…</div> subtree intercepts pointer events
retrying click action, attempt #54
  waiting 500ms
  waiting for element to be visible, enabled and stable
  element is visible, enabled and stable
  scrolling into view if needed
  done scrolling
  <div class="xn-input-group" id="xn-site-selector-grou…>…</div> from <div class="xn-component" id="AB0NA8FO83UO1NJX3W69NPM…>…</div> subtree intercepts pointer events
retrying click action, attempt #55
  waiting 500ms
  waiting for element to be visible, enabled and stable
  element is visible, enabled and stable
  scrolling into view if needed
  done scrolling
  <div id="xn-site-select" class="xn-modal xn-visible" …>…</div> from <div class="xn-component" id="AB0NA8FO83UO1NJX3W69NPM…>…</div> subtree intercepts pointer events
retrying click action, attempt #56
  waiting 500ms
  waiting for element to be visible, enabled and stable
  element is visible, enabled and stable
  scrolling into view if needed
  done scrolling
  <div id="xn-site-select" class="xn-modal xn-visible" …>…</div> from <div class="xn-component" id="AB0NA8FO83UO1NJX3W69NPM…>…</div> subtree intercepts pointer events
retrying click action, attempt #57
  waiting 500ms
  waiting for element to be visible, enabled and stable
  element is visible, enabled and stable
  scrolling into view if needed
  done scrolling
  <div class="xn-content">…</div> from <div class="xn-component" id="AB0NA8FO83UO1NJX3W69NPM…>…</div> subtree intercepts pointer events
retrying click action, attempt #58
  waiting 500ms
============================================================
    at ProgressController.run (C:\Users\Prabu\AppData\Local\Temp\playwright-java-17930539558308872634\package\lib\server\progress.js:96:26)
    at Frame.click (C:\Users\Prabu\AppData\Local\Temp\playwright-java-17930539558308872634\package\lib\server\frames.js:1191:23)
    at FrameDispatcher.click (C:\Users\Prabu\AppData\Local\Temp\playwright-java-17930539558308872634\package\lib\server\dispatchers\frameDispatcher.js:173:30)
    at DispatcherConnection.dispatch (C:\Users\Prabu\AppData\Local\Temp\playwright-java-17930539558308872634\package\lib\server\dispatchers\dispatcher.js:401:46)
}]]>
            </message>
            <full-stacktrace>
              <![CDATA[com.microsoft.playwright.TimeoutError: Error {
  message='Timeout 30000ms exceeded.
=========================== logs ===========================
waiting for selector "text=Sport Courts and Pitches"
  selector resolved to visible <button class="xn-button" id="toggleActivitiesOn" data-b…>Sport Courts and Pitches</button>
attempting click action
  waiting for element to be visible, enabled and stable
  element is visible, enabled and stable
  scrolling into view if needed
  done scrolling
  <div class="xn-content">…</div> from <div class="xn-component" id="AB0NA8FO83UO1NJX3W69NPM…>…</div> subtree intercepts pointer events
retrying click action, attempt #1
  waiting for element to be visible, enabled and stable
  element is visible, enabled and stable
  scrolling into view if needed
  done scrolling
  <div class="xn-content">…</div> from <div class="xn-component" id="AB0NA8FO83UO1NJX3W69NPM…>…</div> subtree intercepts pointer events
retrying click action, attempt #2
  waiting 20ms
  waiting for element to be visible, enabled and stable
  element is visible, enabled and stable
  scrolling into view if needed
  done scrolling
  <div class="xn-input-group" id="xn-site-selector-grou…>…</div> from <div class="xn-component" id="AB0NA8FO83UO1NJX3W69NPM…>…</div> subtree intercepts pointer events
retrying click action, attempt #3
  waiting 100ms
  waiting for element to be visible, enabled and stable
  element is visible, enabled and stable
  scrolling into view if needed
  done scrolling
  <div id="xn-site-select" class="xn-modal xn-visible" …>…</div> from <div class="xn-component" id="AB0NA8FO83UO1NJX3W69NPM…>…</div> subtree intercepts pointer events
retrying click action, attempt #4
  waiting 100ms
  waiting for element to be visible, enabled and stable
  element is visible, enabled and stable
  scrolling into view if needed
  done scrolling
  <div id="xn-site-select" class="xn-modal xn-visible" …>…</div> from <div class="xn-component" id="AB0NA8FO83UO1NJX3W69NPM…>…</div> subtree intercepts pointer events
retrying click action, attempt #5
  waiting 500ms
  waiting for element to be visible, enabled and stable
  element is visible, enabled and stable
  scrolling into view if needed
  done scrolling
  <div class="xn-content">…</div> from <div class="xn-component" id="AB0NA8FO83UO1NJX3W69NPM…>…</div> subtree intercepts pointer events
retrying click action, attempt #6
  waiting 500ms
  waiting for element to be visible, enabled and stable
  element is visible, enabled and stable
  scrolling into view if needed
  done scrolling
  <div class="xn-input-group" id="xn-site-selector-grou…>…</div> from <div class="xn-component" id="AB0NA8FO83UO1NJX3W69NPM…>…</div> subtree intercepts pointer events
retrying click action, attempt #7
  waiting 500ms
  waiting for element to be visible, enabled and stable
  element is visible, enabled and stable
  scrolling into view if needed
  done scrolling
  <div id="xn-site-select" class="xn-modal xn-visible" …>…</div> from <div class="xn-component" id="AB0NA8FO83UO1NJX3W69NPM…>…</div> subtree intercepts pointer events
retrying click action, attempt #8
  waiting 500ms
  waiting for element to be visible, enabled and stable
  element is visible, enabled and stable
  scrolling into view if needed
  done scrolling
  <div id="xn-site-select" class="xn-modal xn-visible" …>…</div> from <div class="xn-component" id="AB0NA8FO83UO1NJX3W69NPM…>…</div> subtree intercepts pointer events
retrying click action, attempt #9
  waiting 500ms
  waiting for element to be visible, enabled and stable
  element is visible, enabled and stable
  scrolling into view if needed
  done scrolling
  <div class="xn-content">…</div> from <div class="xn-component" id="AB0NA8FO83UO1NJX3W69NPM…>…</div> subtree intercepts pointer events
retrying click action, attempt #10
  waiting 500ms
  waiting for element to be visible, enabled and stable
  element is visible, enabled and stable
  scrolling into view if needed
  done scrolling
  <div class="xn-input-group" id="xn-site-selector-grou…>…</div> from <div class="xn-component" id="AB0NA8FO83UO1NJX3W69NPM…>…</div> subtree intercepts pointer events
retrying click action, attempt #11
  waiting 500ms
  waiting for element to be visible, enabled and stable
  element is visible, enabled and stable
  scrolling into view if needed
  done scrolling
  <div id="xn-site-select" class="xn-modal xn-visible" …>…</div> from <div class="xn-component" id="AB0NA8FO83UO1NJX3W69NPM…>…</div> subtree intercepts pointer events
retrying click action, attempt #12
  waiting 500ms
  waiting for element to be visible, enabled and stable
  element is visible, enabled and stable
  scrolling into view if needed
  done scrolling
  <div id="xn-site-select" class="xn-modal xn-visible" …>…</div> from <div class="xn-component" id="AB0NA8FO83UO1NJX3W69NPM…>…</div> subtree intercepts pointer events
retrying click action, attempt #13
  waiting 500ms
  waiting for element to be visible, enabled and stable
  element is visible, enabled and stable
  scrolling into view if needed
  done scrolling
  <div class="xn-content">…</div> from <div class="xn-component" id="AB0NA8FO83UO1NJX3W69NPM…>…</div> subtree intercepts pointer events
retrying click action, attempt #14
  waiting 500ms
  waiting for element to be visible, enabled and stable
  element is visible, enabled and stable
  scrolling into view if needed
  done scrolling
  <div class="xn-input-group" id="xn-site-selector-grou…>…</div> from <div class="xn-component" id="AB0NA8FO83UO1NJX3W69NPM…>…</div> subtree intercepts pointer events
retrying click action, attempt #15
  waiting 500ms
  waiting for element to be visible, enabled and stable
  element is visible, enabled and stable
  scrolling into view if needed
  done scrolling
  <div id="xn-site-select" class="xn-modal xn-visible" …>…</div> from <div class="xn-component" id="AB0NA8FO83UO1NJX3W69NPM…>…</div> subtree intercepts pointer events
retrying click action, attempt #16
  waiting 500ms
  waiting for element to be visible, enabled and stable
  element is visible, enabled and stable
  scrolling into view if needed
  done scrolling
  <div id="xn-site-select" class="xn-modal xn-visible" …>…</div> from <div class="xn-component" id="AB0NA8FO83UO1NJX3W69NPM…>…</div> subtree intercepts pointer events
retrying click action, attempt #17
  waiting 500ms
  waiting for element to be visible, enabled and stable
  element is visible, enabled and stable
  scrolling into view if needed
  done scrolling
  <div class="xn-content">…</div> from <div class="xn-component" id="AB0NA8FO83UO1NJX3W69NPM…>…</div> subtree intercepts pointer events
retrying click action, attempt #18
  waiting 500ms
  waiting for element to be visible, enabled and stable
  element is visible, enabled and stable
  scrolling into view if needed
  done scrolling
  <div class="xn-input-group" id="xn-site-selector-grou…>…</div> from <div class="xn-component" id="AB0NA8FO83UO1NJX3W69NPM…>…</div> subtree intercepts pointer events
retrying click action, attempt #19
  waiting 500ms
  waiting for element to be visible, enabled and stable
  element is visible, enabled and stable
  scrolling into view if needed
  done scrolling
  <div id="xn-site-select" class="xn-modal xn-visible" …>…</div> from <div class="xn-component" id="AB0NA8FO83UO1NJX3W69NPM…>…</div> subtree intercepts pointer events
retrying click action, attempt #20
  waiting 500ms
  waiting for element to be visible, enabled and stable
  element is visible, enabled and stable
  scrolling into view if needed
  done scrolling
  <div id="xn-site-select" class="xn-modal xn-visible" …>…</div> from <div class="xn-component" id="AB0NA8FO83UO1NJX3W69NPM…>…</div> subtree intercepts pointer events
retrying click action, attempt #21
  waiting 500ms
  waiting for element to be visible, enabled and stable
  element is visible, enabled and stable
  scrolling into view if needed
  done scrolling
  <div class="xn-content">…</div> from <div class="xn-component" id="AB0NA8FO83UO1NJX3W69NPM…>…</div> subtree intercepts pointer events
retrying click action, attempt #22
  waiting 500ms
  waiting for element to be visible, enabled and stable
  element is visible, enabled and stable
  scrolling into view if needed
  done scrolling
  <div class="xn-input-group" id="xn-site-selector-grou…>…</div> from <div class="xn-component" id="AB0NA8FO83UO1NJX3W69NPM…>…</div> subtree intercepts pointer events
retrying click action, attempt #23
  waiting 500ms
  waiting for element to be visible, enabled and stable
  element is visible, enabled and stable
  scrolling into view if needed
  done scrolling
  <div id="xn-site-select" class="xn-modal xn-visible" …>…</div> from <div class="xn-component" id="AB0NA8FO83UO1NJX3W69NPM…>…</div> subtree intercepts pointer events
retrying click action, attempt #24
  waiting 500ms
  waiting for element to be visible, enabled and stable
  element is visible, enabled and stable
  scrolling into view if needed
  done scrolling
  <div id="xn-site-select" class="xn-modal xn-visible" …>…</div> from <div class="xn-component" id="AB0NA8FO83UO1NJX3W69NPM…>…</div> subtree intercepts pointer events
retrying click action, attempt #25
  waiting 500ms
  waiting for element to be visible, enabled and stable
  element is visible, enabled and stable
  scrolling into view if needed
  done scrolling
  <div class="xn-content">…</div> from <div class="xn-component" id="AB0NA8FO83UO1NJX3W69NPM…>…</div> subtree intercepts pointer events
retrying click action, attempt #26
  waiting 500ms
  waiting for element to be visible, enabled and stable
  element is visible, enabled and stable
  scrolling into view if needed
  done scrolling
  <div class="xn-input-group" id="xn-site-selector-grou…>…</div> from <div class="xn-component" id="AB0NA8FO83UO1NJX3W69NPM…>…</div> subtree intercepts pointer events
retrying click action, attempt #27
  waiting 500ms
  waiting for element to be visible, enabled and stable
  element is visible, enabled and stable
  scrolling into view if needed
  done scrolling
  <div id="xn-site-select" class="xn-modal xn-visible" …>…</div> from <div class="xn-component" id="AB0NA8FO83UO1NJX3W69NPM…>…</div> subtree intercepts pointer events
retrying click action, attempt #28
  waiting 500ms
  waiting for element to be visible, enabled and stable
  element is visible, enabled and stable
  scrolling into view if needed
  done scrolling
  <div id="xn-site-select" class="xn-modal xn-visible" …>…</div> from <div class="xn-component" id="AB0NA8FO83UO1NJX3W69NPM…>…</div> subtree intercepts pointer events
retrying click action, attempt #29
  waiting 500ms
  waiting for element to be visible, enabled and stable
  element is visible, enabled and stable
  scrolling into view if needed
  done scrolling
  <div class="xn-content">…</div> from <div class="xn-component" id="AB0NA8FO83UO1NJX3W69NPM…>…</div> subtree intercepts pointer events
retrying click action, attempt #30
  waiting 500ms
  waiting for element to be visible, enabled and stable
  element is visible, enabled and stable
  scrolling into view if needed
  done scrolling
  <div class="xn-input-group" id="xn-site-selector-grou…>…</div> from <div class="xn-component" id="AB0NA8FO83UO1NJX3W69NPM…>…</div> subtree intercepts pointer events
retrying click action, attempt #31
  waiting 500ms
  waiting for element to be visible, enabled and stable
  element is visible, enabled and stable
  scrolling into view if needed
  done scrolling
  <div id="xn-site-select" class="xn-modal xn-visible" …>…</div> from <div class="xn-component" id="AB0NA8FO83UO1NJX3W69NPM…>…</div> subtree intercepts pointer events
retrying click action, attempt #32
  waiting 500ms
  waiting for element to be visible, enabled and stable
  element is visible, enabled and stable
  scrolling into view if needed
  done scrolling
  <div id="xn-site-select" class="xn-modal xn-visible" …>…</div> from <div class="xn-component" id="AB0NA8FO83UO1NJX3W69NPM…>…</div> subtree intercepts pointer events
retrying click action, attempt #33
  waiting 500ms
  waiting for element to be visible, enabled and stable
  element is visible, enabled and stable
  scrolling into view if needed
  done scrolling
  <div class="xn-content">…</div> from <div class="xn-component" id="AB0NA8FO83UO1NJX3W69NPM…>…</div> subtree intercepts pointer events
retrying click action, attempt #34
  waiting 500ms
  waiting for element to be visible, enabled and stable
  element is visible, enabled and stable
  scrolling into view if needed
  done scrolling
  <div class="xn-input-group" id="xn-site-selector-grou…>…</div> from <div class="xn-component" id="AB0NA8FO83UO1NJX3W69NPM…>…</div> subtree intercepts pointer events
retrying click action, attempt #35
  waiting 500ms
  waiting for element to be visible, enabled and stable
  element is visible, enabled and stable
  scrolling into view if needed
  done scrolling
  <div id="xn-site-select" class="xn-modal xn-visible" …>…</div> from <div class="xn-component" id="AB0NA8FO83UO1NJX3W69NPM…>…</div> subtree intercepts pointer events
retrying click action, attempt #36
  waiting 500ms
  waiting for element to be visible, enabled and stable
  element is visible, enabled and stable
  scrolling into view if needed
  done scrolling
  <div id="xn-site-select" class="xn-modal xn-visible" …>…</div> from <div class="xn-component" id="AB0NA8FO83UO1NJX3W69NPM…>…</div> subtree intercepts pointer events
retrying click action, attempt #37
  waiting 500ms
  waiting for element to be visible, enabled and stable
  element is visible, enabled and stable
  scrolling into view if needed
  done scrolling
  <div class="xn-content">…</div> from <div class="xn-component" id="AB0NA8FO83UO1NJX3W69NPM…>…</div> subtree intercepts pointer events
retrying click action, attempt #38
  waiting 500ms
  waiting for element to be visible, enabled and stable
  element is visible, enabled and stable
  scrolling into view if needed
  done scrolling
  <div class="xn-input-group" id="xn-site-selector-grou…>…</div> from <div class="xn-component" id="AB0NA8FO83UO1NJX3W69NPM…>…</div> subtree intercepts pointer events
retrying click action, attempt #39
  waiting 500ms
  waiting for element to be visible, enabled and stable
  element is visible, enabled and stable
  scrolling into view if needed
  done scrolling
  <div id="xn-site-select" class="xn-modal xn-visible" …>…</div> from <div class="xn-component" id="AB0NA8FO83UO1NJX3W69NPM…>…</div> subtree intercepts pointer events
retrying click action, attempt #40
  waiting 500ms
  waiting for element to be visible, enabled and stable
  element is visible, enabled and stable
  scrolling into view if needed
  done scrolling
  <div id="xn-site-select" class="xn-modal xn-visible" …>…</div> from <div class="xn-component" id="AB0NA8FO83UO1NJX3W69NPM…>…</div> subtree intercepts pointer events
retrying click action, attempt #41
  waiting 500ms
  waiting for element to be visible, enabled and stable
  element is visible, enabled and stable
  scrolling into view if needed
  done scrolling
  <div class="xn-content">…</div> from <div class="xn-component" id="AB0NA8FO83UO1NJX3W69NPM…>…</div> subtree intercepts pointer events
retrying click action, attempt #42
  waiting 500ms
  waiting for element to be visible, enabled and stable
  element is visible, enabled and stable
  scrolling into view if needed
  done scrolling
  <div class="xn-input-group" id="xn-site-selector-grou…>…</div> from <div class="xn-component" id="AB0NA8FO83UO1NJX3W69NPM…>…</div> subtree intercepts pointer events
retrying click action, attempt #43
  waiting 500ms
  waiting for element to be visible, enabled and stable
  element is visible, enabled and stable
  scrolling into view if needed
  done scrolling
  <div id="xn-site-select" class="xn-modal xn-visible" …>…</div> from <div class="xn-component" id="AB0NA8FO83UO1NJX3W69NPM…>…</div> subtree intercepts pointer events
retrying click action, attempt #44
  waiting 500ms
  waiting for element to be visible, enabled and stable
  element is visible, enabled and stable
  scrolling into view if needed
  done scrolling
  <div id="xn-site-select" class="xn-modal xn-visible" …>…</div> from <div class="xn-component" id="AB0NA8FO83UO1NJX3W69NPM…>…</div> subtree intercepts pointer events
retrying click action, attempt #45
  waiting 500ms
  waiting for element to be visible, enabled and stable
  element is visible, enabled and stable
  scrolling into view if needed
  done scrolling
  <div class="xn-content">…</div> from <div class="xn-component" id="AB0NA8FO83UO1NJX3W69NPM…>…</div> subtree intercepts pointer events
retrying click action, attempt #46
  waiting 500ms
  waiting for element to be visible, enabled and stable
  element is visible, enabled and stable
  scrolling into view if needed
  done scrolling
  <div class="xn-input-group" id="xn-site-selector-grou…>…</div> from <div class="xn-component" id="AB0NA8FO83UO1NJX3W69NPM…>…</div> subtree intercepts pointer events
retrying click action, attempt #47
  waiting 500ms
  waiting for element to be visible, enabled and stable
  element is visible, enabled and stable
  scrolling into view if needed
  done scrolling
  <div id="xn-site-select" class="xn-modal xn-visible" …>…</div> from <div class="xn-component" id="AB0NA8FO83UO1NJX3W69NPM…>…</div> subtree intercepts pointer events
retrying click action, attempt #48
  waiting 500ms
  waiting for element to be visible, enabled and stable
  element is visible, enabled and stable
  scrolling into view if needed
  done scrolling
  <div id="xn-site-select" class="xn-modal xn-visible" …>…</div> from <div class="xn-component" id="AB0NA8FO83UO1NJX3W69NPM…>…</div> subtree intercepts pointer events
retrying click action, attempt #49
  waiting 500ms
  waiting for element to be visible, enabled and stable
  element is visible, enabled and stable
  scrolling into view if needed
  done scrolling
  <div class="xn-content">…</div> from <div class="xn-component" id="AB0NA8FO83UO1NJX3W69NPM…>…</div> subtree intercepts pointer events
retrying click action, attempt #50
  waiting 500ms
  waiting for element to be visible, enabled and stable
  element is visible, enabled and stable
  scrolling into view if needed
  done scrolling
  <div class="xn-input-group" id="xn-site-selector-grou…>…</div> from <div class="xn-component" id="AB0NA8FO83UO1NJX3W69NPM…>…</div> subtree intercepts pointer events
retrying click action, attempt #51
  waiting 500ms
  waiting for element to be visible, enabled and stable
  element is visible, enabled and stable
  scrolling into view if needed
  done scrolling
  <div id="xn-site-select" class="xn-modal xn-visible" …>…</div> from <div class="xn-component" id="AB0NA8FO83UO1NJX3W69NPM…>…</div> subtree intercepts pointer events
retrying click action, attempt #52
  waiting 500ms
  waiting for element to be visible, enabled and stable
  element is visible, enabled and stable
  scrolling into view if needed
  done scrolling
  <div id="xn-site-select" class="xn-modal xn-visible" …>…</div> from <div class="xn-component" id="AB0NA8FO83UO1NJX3W69NPM…>…</div> subtree intercepts pointer events
retrying click action, attempt #53
  waiting 500ms
  waiting for element to be visible, enabled and stable
  element is visible, enabled and stable
  scrolling into view if needed
  done scrolling
  <div class="xn-content">…</div> from <div class="xn-component" id="AB0NA8FO83UO1NJX3W69NPM…>…</div> subtree intercepts pointer events
retrying click action, attempt #54
  waiting 500ms
  waiting for element to be visible, enabled and stable
  element is visible, enabled and stable
  scrolling into view if needed
  done scrolling
  <div class="xn-input-group" id="xn-site-selector-grou…>…</div> from <div class="xn-component" id="AB0NA8FO83UO1NJX3W69NPM…>…</div> subtree intercepts pointer events
retrying click action, attempt #55
  waiting 500ms
  waiting for element to be visible, enabled and stable
  element is visible, enabled and stable
  scrolling into view if needed
  done scrolling
  <div id="xn-site-select" class="xn-modal xn-visible" …>…</div> from <div class="xn-component" id="AB0NA8FO83UO1NJX3W69NPM…>…</div> subtree intercepts pointer events
retrying click action, attempt #56
  waiting 500ms
  waiting for element to be visible, enabled and stable
  element is visible, enabled and stable
  scrolling into view if needed
  done scrolling
  <div id="xn-site-select" class="xn-modal xn-visible" …>…</div> from <div class="xn-component" id="AB0NA8FO83UO1NJX3W69NPM…>…</div> subtree intercepts pointer events
retrying click action, attempt #57
  waiting 500ms
  waiting for element to be visible, enabled and stable
  element is visible, enabled and stable
  scrolling into view if needed
  done scrolling
  <div class="xn-content">…</div> from <div class="xn-component" id="AB0NA8FO83UO1NJX3W69NPM…>…</div> subtree intercepts pointer events
retrying click action, attempt #58
  waiting 500ms
============================================================
  name='TimeoutError
  stack='TimeoutError: Timeout 30000ms exceeded.
=========================== logs ===========================
waiting for selector "text=Sport Courts and Pitches"
  selector resolved to visible <button class="xn-button" id="toggleActivitiesOn" data-b…>Sport Courts and Pitches</button>
attempting click action
  waiting for element to be visible, enabled and stable
  element is visible, enabled and stable
  scrolling into view if needed
  done scrolling
  <div class="xn-content">…</div> from <div class="xn-component" id="AB0NA8FO83UO1NJX3W69NPM…>…</div> subtree intercepts pointer events
retrying click action, attempt #1
  waiting for element to be visible, enabled and stable
  element is visible, enabled and stable
  scrolling into view if needed
  done scrolling
  <div class="xn-content">…</div> from <div class="xn-component" id="AB0NA8FO83UO1NJX3W69NPM…>…</div> subtree intercepts pointer events
retrying click action, attempt #2
  waiting 20ms
  waiting for element to be visible, enabled and stable
  element is visible, enabled and stable
  scrolling into view if needed
  done scrolling
  <div class="xn-input-group" id="xn-site-selector-grou…>…</div> from <div class="xn-component" id="AB0NA8FO83UO1NJX3W69NPM…>…</div> subtree intercepts pointer events
retrying click action, attempt #3
  waiting 100ms
  waiting for element to be visible, enabled and stable
  element is visible, enabled and stable
  scrolling into view if needed
  done scrolling
  <div id="xn-site-select" class="xn-modal xn-visible" …>…</div> from <div class="xn-component" id="AB0NA8FO83UO1NJX3W69NPM…>…</div> subtree intercepts pointer events
retrying click action, attempt #4
  waiting 100ms
  waiting for element to be visible, enabled and stable
  element is visible, enabled and stable
  scrolling into view if needed
  done scrolling
  <div id="xn-site-select" class="xn-modal xn-visible" …>…</div> from <div class="xn-component" id="AB0NA8FO83UO1NJX3W69NPM…>…</div> subtree intercepts pointer events
retrying click action, attempt #5
  waiting 500ms
  waiting for element to be visible, enabled and stable
  element is visible, enabled and stable
  scrolling into view if needed
  done scrolling
  <div class="xn-content">…</div> from <div class="xn-component" id="AB0NA8FO83UO1NJX3W69NPM…>…</div> subtree intercepts pointer events
retrying click action, attempt #6
  waiting 500ms
  waiting for element to be visible, enabled and stable
  element is visible, enabled and stable
  scrolling into view if needed
  done scrolling
  <div class="xn-input-group" id="xn-site-selector-grou…>…</div> from <div class="xn-component" id="AB0NA8FO83UO1NJX3W69NPM…>…</div> subtree intercepts pointer events
retrying click action, attempt #7
  waiting 500ms
  waiting for element to be visible, enabled and stable
  element is visible, enabled and stable
  scrolling into view if needed
  done scrolling
  <div id="xn-site-select" class="xn-modal xn-visible" …>…</div> from <div class="xn-component" id="AB0NA8FO83UO1NJX3W69NPM…>…</div> subtree intercepts pointer events
retrying click action, attempt #8
  waiting 500ms
  waiting for element to be visible, enabled and stable
  element is visible, enabled and stable
  scrolling into view if needed
  done scrolling
  <div id="xn-site-select" class="xn-modal xn-visible" …>…</div> from <div class="xn-component" id="AB0NA8FO83UO1NJX3W69NPM…>…</div> subtree intercepts pointer events
retrying click action, attempt #9
  waiting 500ms
  waiting for element to be visible, enabled and stable
  element is visible, enabled and stable
  scrolling into view if needed
  done scrolling
  <div class="xn-content">…</div> from <div class="xn-component" id="AB0NA8FO83UO1NJX3W69NPM…>…</div> subtree intercepts pointer events
retrying click action, attempt #10
  waiting 500ms
  waiting for element to be visible, enabled and stable
  element is visible, enabled and stable
  scrolling into view if needed
  done scrolling
  <div class="xn-input-group" id="xn-site-selector-grou…>…</div> from <div class="xn-component" id="AB0NA8FO83UO1NJX3W69NPM…>…</div> subtree intercepts pointer events
retrying click action, attempt #11
  waiting 500ms
  waiting for element to be visible, enabled and stable
  element is visible, enabled and stable
  scrolling into view if needed
  done scrolling
  <div id="xn-site-select" class="xn-modal xn-visible" …>…</div> from <div class="xn-component" id="AB0NA8FO83UO1NJX3W69NPM…>…</div> subtree intercepts pointer events
retrying click action, attempt #12
  waiting 500ms
  waiting for element to be visible, enabled and stable
  element is visible, enabled and stable
  scrolling into view if needed
  done scrolling
  <div id="xn-site-select" class="xn-modal xn-visible" …>…</div> from <div class="xn-component" id="AB0NA8FO83UO1NJX3W69NPM…>…</div> subtree intercepts pointer events
retrying click action, attempt #13
  waiting 500ms
  waiting for element to be visible, enabled and stable
  element is visible, enabled and stable
  scrolling into view if needed
  done scrolling
  <div class="xn-content">…</div> from <div class="xn-component" id="AB0NA8FO83UO1NJX3W69NPM…>…</div> subtree intercepts pointer events
retrying click action, attempt #14
  waiting 500ms
  waiting for element to be visible, enabled and stable
  element is visible, enabled and stable
  scrolling into view if needed
  done scrolling
  <div class="xn-input-group" id="xn-site-selector-grou…>…</div> from <div class="xn-component" id="AB0NA8FO83UO1NJX3W69NPM…>…</div> subtree intercepts pointer events
retrying click action, attempt #15
  waiting 500ms
  waiting for element to be visible, enabled and stable
  element is visible, enabled and stable
  scrolling into view if needed
  done scrolling
  <div id="xn-site-select" class="xn-modal xn-visible" …>…</div> from <div class="xn-component" id="AB0NA8FO83UO1NJX3W69NPM…>…</div> subtree intercepts pointer events
retrying click action, attempt #16
  waiting 500ms
  waiting for element to be visible, enabled and stable
  element is visible, enabled and stable
  scrolling into view if needed
  done scrolling
  <div id="xn-site-select" class="xn-modal xn-visible" …>…</div> from <div class="xn-component" id="AB0NA8FO83UO1NJX3W69NPM…>…</div> subtree intercepts pointer events
retrying click action, attempt #17
  waiting 500ms
  waiting for element to be visible, enabled and stable
  element is visible, enabled and stable
  scrolling into view if needed
  done scrolling
  <div class="xn-content">…</div> from <div class="xn-component" id="AB0NA8FO83UO1NJX3W69NPM…>…</div> subtree intercepts pointer events
retrying click action, attempt #18
  waiting 500ms
  waiting for element to be visible, enabled and stable
  element is visible, enabled and stable
  scrolling into view if needed
  done scrolling
  <div class="xn-input-group" id="xn-site-selector-grou…>…</div> from <div class="xn-component" id="AB0NA8FO83UO1NJX3W69NPM…>…</div> subtree intercepts pointer events
retrying click action, attempt #19
  waiting 500ms
  waiting for element to be visible, enabled and stable
  element is visible, enabled and stable
  scrolling into view if needed
  done scrolling
  <div id="xn-site-select" class="xn-modal xn-visible" …>…</div> from <div class="xn-component" id="AB0NA8FO83UO1NJX3W69NPM…>…</div> subtree intercepts pointer events
retrying click action, attempt #20
  waiting 500ms
  waiting for element to be visible, enabled and stable
  element is visible, enabled and stable
  scrolling into view if needed
  done scrolling
  <div id="xn-site-select" class="xn-modal xn-visible" …>…</div> from <div class="xn-component" id="AB0NA8FO83UO1NJX3W69NPM…>…</div> subtree intercepts pointer events
retrying click action, attempt #21
  waiting 500ms
  waiting for element to be visible, enabled and stable
  element is visible, enabled and stable
  scrolling into view if needed
  done scrolling
  <div class="xn-content">…</div> from <div class="xn-component" id="AB0NA8FO83UO1NJX3W69NPM…>…</div> subtree intercepts pointer events
retrying click action, attempt #22
  waiting 500ms
  waiting for element to be visible, enabled and stable
  element is visible, enabled and stable
  scrolling into view if needed
  done scrolling
  <div class="xn-input-group" id="xn-site-selector-grou…>…</div> from <div class="xn-component" id="AB0NA8FO83UO1NJX3W69NPM…>…</div> subtree intercepts pointer events
retrying click action, attempt #23
  waiting 500ms
  waiting for element to be visible, enabled and stable
  element is visible, enabled and stable
  scrolling into view if needed
  done scrolling
  <div id="xn-site-select" class="xn-modal xn-visible" …>…</div> from <div class="xn-component" id="AB0NA8FO83UO1NJX3W69NPM…>…</div> subtree intercepts pointer events
retrying click action, attempt #24
  waiting 500ms
  waiting for element to be visible, enabled and stable
  element is visible, enabled and stable
  scrolling into view if needed
  done scrolling
  <div id="xn-site-select" class="xn-modal xn-visible" …>…</div> from <div class="xn-component" id="AB0NA8FO83UO1NJX3W69NPM…>…</div> subtree intercepts pointer events
retrying click action, attempt #25
  waiting 500ms
  waiting for element to be visible, enabled and stable
  element is visible, enabled and stable
  scrolling into view if needed
  done scrolling
  <div class="xn-content">…</div> from <div class="xn-component" id="AB0NA8FO83UO1NJX3W69NPM…>…</div> subtree intercepts pointer events
retrying click action, attempt #26
  waiting 500ms
  waiting for element to be visible, enabled and stable
  element is visible, enabled and stable
  scrolling into view if needed
  done scrolling
  <div class="xn-input-group" id="xn-site-selector-grou…>…</div> from <div class="xn-component" id="AB0NA8FO83UO1NJX3W69NPM…>…</div> subtree intercepts pointer events
retrying click action, attempt #27
  waiting 500ms
  waiting for element to be visible, enabled and stable
  element is visible, enabled and stable
  scrolling into view if needed
  done scrolling
  <div id="xn-site-select" class="xn-modal xn-visible" …>…</div> from <div class="xn-component" id="AB0NA8FO83UO1NJX3W69NPM…>…</div> subtree intercepts pointer events
retrying click action, attempt #28
  waiting 500ms
  waiting for element to be visible, enabled and stable
  element is visible, enabled and stable
  scrolling into view if needed
  done scrolling
  <div id="xn-site-select" class="xn-modal xn-visible" …>…</div> from <div class="xn-component" id="AB0NA8FO83UO1NJX3W69NPM…>…</div> subtree intercepts pointer events
retrying click action, attempt #29
  waiting 500ms
  waiting for element to be visible, enabled and stable
  element is visible, enabled and stable
  scrolling into view if needed
  done scrolling
  <div class="xn-content">…</div> from <div class="xn-component" id="AB0NA8FO83UO1NJX3W69NPM…>…</div> subtree intercepts pointer events
retrying click action, attempt #30
  waiting 500ms
  waiting for element to be visible, enabled and stable
  element is visible, enabled and stable
  scrolling into view if needed
  done scrolling
  <div class="xn-input-group" id="xn-site-selector-grou…>…</div> from <div class="xn-component" id="AB0NA8FO83UO1NJX3W69NPM…>…</div> subtree intercepts pointer events
retrying click action, attempt #31
  waiting 500ms
  waiting for element to be visible, enabled and stable
  element is visible, enabled and stable
  scrolling into view if needed
  done scrolling
  <div id="xn-site-select" class="xn-modal xn-visible" …>…</div> from <div class="xn-component" id="AB0NA8FO83UO1NJX3W69NPM…>…</div> subtree intercepts pointer events
retrying click action, attempt #32
  waiting 500ms
  waiting for element to be visible, enabled and stable
  element is visible, enabled and stable
  scrolling into view if needed
  done scrolling
  <div id="xn-site-select" class="xn-modal xn-visible" …>…</div> from <div class="xn-component" id="AB0NA8FO83UO1NJX3W69NPM…>…</div> subtree intercepts pointer events
retrying click action, attempt #33
  waiting 500ms
  waiting for element to be visible, enabled and stable
  element is visible, enabled and stable
  scrolling into view if needed
  done scrolling
  <div class="xn-content">…</div> from <div class="xn-component" id="AB0NA8FO83UO1NJX3W69NPM…>…</div> subtree intercepts pointer events
retrying click action, attempt #34
  waiting 500ms
  waiting for element to be visible, enabled and stable
  element is visible, enabled and stable
  scrolling into view if needed
  done scrolling
  <div class="xn-input-group" id="xn-site-selector-grou…>…</div> from <div class="xn-component" id="AB0NA8FO83UO1NJX3W69NPM…>…</div> subtree intercepts pointer events
retrying click action, attempt #35
  waiting 500ms
  waiting for element to be visible, enabled and stable
  element is visible, enabled and stable
  scrolling into view if needed
  done scrolling
  <div id="xn-site-select" class="xn-modal xn-visible" …>…</div> from <div class="xn-component" id="AB0NA8FO83UO1NJX3W69NPM…>…</div> subtree intercepts pointer events
retrying click action, attempt #36
  waiting 500ms
  waiting for element to be visible, enabled and stable
  element is visible, enabled and stable
  scrolling into view if needed
  done scrolling
  <div id="xn-site-select" class="xn-modal xn-visible" …>…</div> from <div class="xn-component" id="AB0NA8FO83UO1NJX3W69NPM…>…</div> subtree intercepts pointer events
retrying click action, attempt #37
  waiting 500ms
  waiting for element to be visible, enabled and stable
  element is visible, enabled and stable
  scrolling into view if needed
  done scrolling
  <div class="xn-content">…</div> from <div class="xn-component" id="AB0NA8FO83UO1NJX3W69NPM…>…</div> subtree intercepts pointer events
retrying click action, attempt #38
  waiting 500ms
  waiting for element to be visible, enabled and stable
  element is visible, enabled and stable
  scrolling into view if needed
  done scrolling
  <div class="xn-input-group" id="xn-site-selector-grou…>…</div> from <div class="xn-component" id="AB0NA8FO83UO1NJX3W69NPM…>…</div> subtree intercepts pointer events
retrying click action, attempt #39
  waiting 500ms
  waiting for element to be visible, enabled and stable
  element is visible, enabled and stable
  scrolling into view if needed
  done scrolling
  <div id="xn-site-select" class="xn-modal xn-visible" …>…</div> from <div class="xn-component" id="AB0NA8FO83UO1NJX3W69NPM…>…</div> subtree intercepts pointer events
retrying click action, attempt #40
  waiting 500ms
  waiting for element to be visible, enabled and stable
  element is visible, enabled and stable
  scrolling into view if needed
  done scrolling
  <div id="xn-site-select" class="xn-modal xn-visible" …>…</div> from <div class="xn-component" id="AB0NA8FO83UO1NJX3W69NPM…>…</div> subtree intercepts pointer events
retrying click action, attempt #41
  waiting 500ms
  waiting for element to be visible, enabled and stable
  element is visible, enabled and stable
  scrolling into view if needed
  done scrolling
  <div class="xn-content">…</div> from <div class="xn-component" id="AB0NA8FO83UO1NJX3W69NPM…>…</div> subtree intercepts pointer events
retrying click action, attempt #42
  waiting 500ms
  waiting for element to be visible, enabled and stable
  element is visible, enabled and stable
  scrolling into view if needed
  done scrolling
  <div class="xn-input-group" id="xn-site-selector-grou…>…</div> from <div class="xn-component" id="AB0NA8FO83UO1NJX3W69NPM…>…</div> subtree intercepts pointer events
retrying click action, attempt #43
[...]
  scrolling into view if needed
  done scrolling
  <div class="xn-content">…</div> from <div class="xn-component" id="AB0NA8FO83UO1NJX3W69NPM…>…</div> subtree intercepts pointer events
retrying click action, attempt #6
  waiting 500ms
  waiting for element to be visible, enabled and stable
  element is visible, enabled and stable
  scrolling into view if needed
  done scrolling
  <div class="xn-input-group" id="xn-site-selector-grou…>…</div> from <div class="xn-component" id="AB0NA8FO83UO1NJX3W69NPM…>…</div> subtree intercepts pointer events
retrying click action, attempt #7
  waiting 500ms
  waiting for element to be visible, enabled and stable
  element is visible, enabled and stable
  scrolling into view if needed
  done scrolling
  <div id="xn-site-select" class="xn-modal xn-visible" …>…</div> from <div class="xn-component" id="AB0NA8FO83UO1NJX3W69NPM…>…</div> subtree intercepts pointer events
retrying click action, attempt #8
  waiting 500ms
  waiting for element to be visible, enabled and stable
  element is visible, enabled and stable
  scrolling into view if needed
  done scrolling
  <div id="xn-site-select" class="xn-modal xn-visible" …>…</div> from <div class="xn-component" id="AB0NA8FO83UO1NJX3W69NPM…>…</div> subtree intercepts pointer events
retrying click action, attempt #9
  waiting 500ms
  waiting for element to be visible, enabled and stable
  element is visible, enabled and stable
  scrolling into view if needed
  done scrolling
  <div class="xn-content">…</div> from <div class="xn-component" id="AB0NA8FO83UO1NJX3W69NPM…>…</div> subtree intercepts pointer events
retrying click action, attempt #10
  waiting 500ms
  waiting for element to be visible, enabled and stable
  element is visible, enabled and stable
  scrolling into view if needed
  done scrolling
  <div class="xn-input-group" id="xn-site-selector-grou…>…</div> from <div class="xn-component" id="AB0NA8FO83UO1NJX3W69NPM…>…</div> subtree intercepts pointer events
retrying click action, attempt #11
  waiting 500ms
  waiting for element to be visible, enabled and stable
  element is visible, enabled and stable
  scrolling into view if needed
  done scrolling
  <div id="xn-site-select" class="xn-modal xn-visible" …>…</div> from <div class="xn-component" id="AB0NA8FO83UO1NJX3W69NPM…>…</div> subtree intercepts pointer events
retrying click action, attempt #12
  waiting 500ms
  waiting for element to be visible, enabled and stable
  element is visible, enabled and stable
  scrolling into view if needed
  done scrolling
  <div id="xn-site-select" class="xn-modal xn-visible" …>…</div> from <div class="xn-component" id="AB0NA8FO83UO1NJX3W69NPM…>…</div> subtree intercepts pointer events
retrying click action, attempt #13
  waiting 500ms
  waiting for element to be visible, enabled and stable
  element is visible, enabled and stable
  scrolling into view if needed
  done scrolling
  <div class="xn-content">…</div> from <div class="xn-component" id="AB0NA8FO83UO1NJX3W69NPM…>…</div> subtree intercepts pointer events
retrying click action, attempt #14
  waiting 500ms
  waiting for element to be visible, enabled and stable
  element is visible, enabled and stable
  scrolling into view if needed
  done scrolling
  <div class="xn-input-group" id="xn-site-selector-grou…>…</div> from <div class="xn-component" id="AB0NA8FO83UO1NJX3W69NPM…>…</div> subtree intercepts pointer events
retrying click action, attempt #15
  waiting 500ms
  waiting for element to be visible, enabled and stable
  element is visible, enabled and stable
  scrolling into view if needed
  done scrolling
  <div id="xn-site-select" class="xn-modal xn-visible" …>…</div> from <div class="xn-component" id="AB0NA8FO83UO1NJX3W69NPM…>…</div> subtree intercepts pointer events
retrying click action, attempt #16
  waiting 500ms
  waiting for element to be visible, enabled and stable
  element is visible, enabled and stable
  scrolling into view if needed
  done scrolling
  <div id="xn-site-select" class="xn-modal xn-visible" …>…</div> from <div class="xn-component" id="AB0NA8FO83UO1NJX3W69NPM…>…</div> subtree intercepts pointer events
retrying click action, attempt #17
  waiting 500ms
  waiting for element to be visible, enabled and stable
  element is visible, enabled and stable
  scrolling into view if needed
  done scrolling
  <div class="xn-content">…</div> from <div class="xn-component" id="AB0NA8FO83UO1NJX3W69NPM…>…</div> subtree intercepts pointer events
retrying click action, attempt #18
  waiting 500ms
  waiting for element to be visible, enabled and stable
  element is visible, enabled and stable
  scrolling into view if needed
  done scrolling
  <div class="xn-input-group" id="xn-site-selector-grou…>…</div> from <div class="xn-component" id="AB0NA8FO83UO1NJX3W69NPM…>…</div> subtree intercepts pointer events
retrying click action, attempt #19
  waiting 500ms
  waiting for element to be visible, enabled and stable
  element is visible, enabled and stable
  scrolling into view if needed
  done scrolling
  <div id="xn-site-select" class="xn-modal xn-visible" …>…</div> from <div class="xn-component" id="AB0NA8FO83UO1NJX3W69NPM…>…</div> subtree intercepts pointer events
retrying click action, attempt #20
  waiting 500ms
  waiting for element to be visible, enabled and stable
  element is visible, enabled and stable
  scrolling into view if needed
  done scrolling
  <div id="xn-site-select" class="xn-modal xn-visible" …>…</div> from <div class="xn-component" id="AB0NA8FO83UO1NJX3W69NPM…>…</div> subtree intercepts pointer events
retrying click action, attempt #21
  waiting 500ms
  waiting for element to be visible, enabled and stable
  element is visible, enabled and stable
  scrolling into view if needed
  done scrolling
  <div class="xn-content">…</div> from <div class="xn-component" id="AB0NA8FO83UO1NJX3W69NPM…>…</div> subtree intercepts pointer events
retrying click action, attempt #22
  waiting 500ms
  waiting for element to be visible, enabled and stable
  element is visible, enabled and stable
  scrolling into view if needed
  done scrolling
  <div class="xn-input-group" id="xn-site-selector-grou…>…</div> from <div class="xn-component" id="AB0NA8FO83UO1NJX3W69NPM…>…</div> subtree intercepts pointer events
retrying click action, attempt #23
  waiting 500ms
  waiting for element to be visible, enabled and stable
  element is visible, enabled and stable
  scrolling into view if needed
  done scrolling
  <div id="xn-site-select" class="xn-modal xn-visible" …>…</div> from <div class="xn-component" id="AB0NA8FO83UO1NJX3W69NPM…>…</div> subtree intercepts pointer events
retrying click action, attempt #24
  waiting 500ms
  waiting for element to be visible, enabled and stable
  element is visible, enabled and stable
  scrolling into view if needed
  done scrolling
  <div id="xn-site-select" class="xn-modal xn-visible" …>…</div> from <div class="xn-component" id="AB0NA8FO83UO1NJX3W69NPM…>…</div> subtree intercepts pointer events
retrying click action, attempt #25
  waiting 500ms
  waiting for element to be visible, enabled and stable
  element is visible, enabled and stable
  scrolling into view if needed
  done scrolling
  <div class="xn-content">…</div> from <div class="xn-component" id="AB0NA8FO83UO1NJX3W69NPM…>…</div> subtree intercepts pointer events
retrying click action, attempt #26
  waiting 500ms
  waiting for element to be visible, enabled and stable
  element is visible, enabled and stable
  scrolling into view if needed
  done scrolling
  <div class="xn-input-group" id="xn-site-selector-grou…>…</div> from <div class="xn-component" id="AB0NA8FO83UO1NJX3W69NPM…>…</div> subtree intercepts pointer events
retrying click action, attempt #27
  waiting 500ms
  waiting for element to be visible, enabled and stable
  element is visible, enabled and stable
  scrolling into view if needed
  done scrolling
  <div id="xn-site-select" class="xn-modal xn-visible" …>…</div> from <div class="xn-component" id="AB0NA8FO83UO1NJX3W69NPM…>…</div> subtree intercepts pointer events
retrying click action, attempt #28
  waiting 500ms
  waiting for element to be visible, enabled and stable
  element is visible, enabled and stable
  scrolling into view if needed
  done scrolling
  <div id="xn-site-select" class="xn-modal xn-visible" …>…</div> from <div class="xn-component" id="AB0NA8FO83UO1NJX3W69NPM…>…</div> subtree intercepts pointer events
retrying click action, attempt #29
  waiting 500ms
  waiting for element to be visible, enabled and stable
  element is visible, enabled and stable
  scrolling into view if needed
  done scrolling
  <div class="xn-content">…</div> from <div class="xn-component" id="AB0NA8FO83UO1NJX3W69NPM…>…</div> subtree intercepts pointer events
retrying click action, attempt #30
  waiting 500ms
  waiting for element to be visible, enabled and stable
  element is visible, enabled and stable
  scrolling into view if needed
  done scrolling
  <div class="xn-input-group" id="xn-site-selector-grou…>…</div> from <div class="xn-component" id="AB0NA8FO83UO1NJX3W69NPM…>…</div> subtree intercepts pointer events
retrying click action, attempt #31
  waiting 500ms
  waiting for element to be visible, enabled and stable
  element is visible, enabled and stable
  scrolling into view if needed
  done scrolling
  <div id="xn-site-select" class="xn-modal xn-visible" …>…</div> from <div class="xn-component" id="AB0NA8FO83UO1NJX3W69NPM…>…</div> subtree intercepts pointer events
retrying click action, attempt #32
  waiting 500ms
  waiting for element to be visible, enabled and stable
  element is visible, enabled and stable
  scrolling into view if needed
  done scrolling
  <div id="xn-site-select" class="xn-modal xn-visible" …>…</div> from <div class="xn-component" id="AB0NA8FO83UO1NJX3W69NPM…>…</div> subtree intercepts pointer events
retrying click action, attempt #33
  waiting 500ms
  waiting for element to be visible, enabled and stable
  element is visible, enabled and stable
  scrolling into view if needed
  done scrolling
  <div class="xn-content">…</div> from <div class="xn-component" id="AB0NA8FO83UO1NJX3W69NPM…>…</div> subtree intercepts pointer events
retrying click action, attempt #34
  waiting 500ms
  waiting for element to be visible, enabled and stable
  element is visible, enabled and stable
  scrolling into view if needed
  done scrolling
  <div class="xn-input-group" id="xn-site-selector-grou…>…</div> from <div class="xn-component" id="AB0NA8FO83UO1NJX3W69NPM…>…</div> subtree intercepts pointer events
retrying click action, attempt #35
  waiting 500ms
  waiting for element to be visible, enabled and stable
  element is visible, enabled and stable
  scrolling into view if needed
  done scrolling
  <div id="xn-site-select" class="xn-modal xn-visible" …>…</div> from <div class="xn-component" id="AB0NA8FO83UO1NJX3W69NPM…>…</div> subtree intercepts pointer events
retrying click action, attempt #36
  waiting 500ms
  waiting for element to be visible, enabled and stable
  element is visible, enabled and stable
  scrolling into view if needed
  done scrolling
  <div id="xn-site-select" class="xn-modal xn-visible" …>…</div> from <div class="xn-component" id="AB0NA8FO83UO1NJX3W69NPM…>…</div> subtree intercepts pointer events
retrying click action, attempt #37
  waiting 500ms
  waiting for element to be visible, enabled and stable
  element is visible, enabled and stable
  scrolling into view if needed
  done scrolling
  <div class="xn-content">…</div> from <div class="xn-component" id="AB0NA8FO83UO1NJX3W69NPM…>…</div> subtree intercepts pointer events
retrying click action, attempt #38
  waiting 500ms
  waiting for element to be visible, enabled and stable
  element is visible, enabled and stable
  scrolling into view if needed
  done scrolling
  <div class="xn-input-group" id="xn-site-selector-grou…>…</div> from <div class="xn-component" id="AB0NA8FO83UO1NJX3W69NPM…>…</div> subtree intercepts pointer events
retrying click action, attempt #39
  waiting 500ms
  waiting for element to be visible, enabled and stable
  element is visible, enabled and stable
  scrolling into view if needed
  done scrolling
  <div id="xn-site-select" class="xn-modal xn-visible" …>…</div> from <div class="xn-component" id="AB0NA8FO83UO1NJX3W69NPM…>…</div> subtree intercepts pointer events
retrying click action, attempt #40
  waiting 500ms
  waiting for element to be visible, enabled and stable
  element is visible, enabled and stable
  scrolling into view if needed
  done scrolling
  <div id="xn-site-select" class="xn-modal xn-visible" …>…</div> from <div class="xn-component" id="AB0NA8FO83UO1NJX3W69NPM…>…</div> subtree intercepts pointer events
retrying click action, attempt #41
  waiting 500ms
  waiting for element to be visible, enabled and stable
  element is visible, enabled and stable
  scrolling into view if needed
  done scrolling
  <div class="xn-content">…</div> from <div class="xn-component" id="AB0NA8FO83UO1NJX3W69NPM…>…</div> subtree intercepts pointer events
retrying click action, attempt #42
  waiting 500ms
  waiting for element to be visible, enabled and stable
  element is visible, enabled and stable
  scrolling into view if needed
  done scrolling
  <div class="xn-input-group" id="xn-site-selector-grou…>…</div> from <div class="xn-component" id="AB0NA8FO83UO1NJX3W69NPM…>…</div> subtree intercepts pointer events
retrying click action, attempt #43
  waiting 500ms
  waiting for element to be visible, enabled and stable
  element is visible, enabled and stable
  scrolling into view if needed
  done scrolling
  <div id="xn-site-select" class="xn-modal xn-visible" …>…</div> from <div class="xn-component" id="AB0NA8FO83UO1NJX3W69NPM…>…</div> subtree intercepts pointer events
retrying click action, attempt #44
  waiting 500ms
  waiting for element to be visible, enabled and stable
  element is visible, enabled and stable
  scrolling into view if needed
  done scrolling
  <div id="xn-site-select" class="xn-modal xn-visible" …>…</div> from <div class="xn-component" id="AB0NA8FO83UO1NJX3W69NPM…>…</div> subtree intercepts pointer events
retrying click action, attempt #45
  waiting 500ms
  waiting for element to be visible, enabled and stable
  element is visible, enabled and stable
  scrolling into view if needed
  done scrolling
  <div class="xn-content">…</div> from <div class="xn-component" id="AB0NA8FO83UO1NJX3W69NPM…>…</div> subtree intercepts pointer events
retrying click action, attempt #46
  waiting 500ms
  waiting for element to be visible, enabled and stable
  element is visible, enabled and stable
  scrolling into view if needed
  done scrolling
  <div class="xn-input-group" id="xn-site-selector-grou…>…</div> from <div class="xn-component" id="AB0NA8FO83UO1NJX3W69NPM…>…</div> subtree intercepts pointer events
retrying click action, attempt #47
  waiting 500ms
  waiting for element to be visible, enabled and stable
  element is visible, enabled and stable
  scrolling into view if needed
  done scrolling
  <div id="xn-site-select" class="xn-modal xn-visible" …>…</div> from <div class="xn-component" id="AB0NA8FO83UO1NJX3W69NPM…>…</div> subtree intercepts pointer events
retrying click action, attempt #48
  waiting 500ms
  waiting for element to be visible, enabled and stable
  element is visible, enabled and stable
  scrolling into view if needed
  done scrolling
  <div id="xn-site-select" class="xn-modal xn-visible" …>…</div> from <div class="xn-component" id="AB0NA8FO83UO1NJX3W69NPM…>…</div> subtree intercepts pointer events
retrying click action, attempt #49
  waiting 500ms
  waiting for element to be visible, enabled and stable
  element is visible, enabled and stable
  scrolling into view if needed
  done scrolling
  <div class="xn-content">…</div> from <div class="xn-component" id="AB0NA8FO83UO1NJX3W69NPM…>…</div> subtree intercepts pointer events
retrying click action, attempt #50
  waiting 500ms
  waiting for element to be visible, enabled and stable
  element is visible, enabled and stable
  scrolling into view if needed
  done scrolling
  <div class="xn-input-group" id="xn-site-selector-grou…>…</div> from <div class="xn-component" id="AB0NA8FO83UO1NJX3W69NPM…>…</div> subtree intercepts pointer events
retrying click action, attempt #51
  waiting 500ms
  waiting for element to be visible, enabled and stable
  element is visible, enabled and stable
  scrolling into view if needed
  done scrolling
  <div id="xn-site-select" class="xn-modal xn-visible" …>…</div> from <div class="xn-component" id="AB0NA8FO83UO1NJX3W69NPM…>…</div> subtree intercepts pointer events
retrying click action, attempt #52
  waiting 500ms
  waiting for element to be visible, enabled and stable
  element is visible, enabled and stable
  scrolling into view if needed
  done scrolling
  <div id="xn-site-select" class="xn-modal xn-visible" …>…</div> from <div class="xn-component" id="AB0NA8FO83UO1NJX3W69NPM…>…</div> subtree intercepts pointer events
retrying click action, attempt #53
  waiting 500ms
  waiting for element to be visible, enabled and stable
  element is visible, enabled and stable
  scrolling into view if needed
  done scrolling
  <div class="xn-content">…</div> from <div class="xn-component" id="AB0NA8FO83UO1NJX3W69NPM…>…</div> subtree intercepts pointer events
retrying click action, attempt #54
  waiting 500ms
  waiting for element to be visible, enabled and stable
  element is visible, enabled and stable
  scrolling into view if needed
  done scrolling
  <div class="xn-input-group" id="xn-site-selector-grou…>…</div> from <div class="xn-component" id="AB0NA8FO83UO1NJX3W69NPM…>…</div> subtree intercepts pointer events
retrying click action, attempt #55
  waiting 500ms
  waiting for element to be visible, enabled and stable
  element is visible, enabled and stable
  scrolling into view if needed
  done scrolling
  <div id="xn-site-select" class="xn-modal xn-visible" …>…</div> from <div class="xn-component" id="AB0NA8FO83UO1NJX3W69NPM…>…</div> subtree intercepts pointer events
retrying click action, attempt #56
  waiting 500ms
  waiting for element to be visible, enabled and stable
  element is visible, enabled and stable
  scrolling into view if needed
  done scrolling
  <div id="xn-site-select" class="xn-modal xn-visible" …>…</div> from <div class="xn-component" id="AB0NA8FO83UO1NJX3W69NPM…>…</div> subtree intercepts pointer events
retrying click action, attempt #57
  waiting 500ms
  waiting for element to be visible, enabled and stable
  element is visible, enabled and stable
  scrolling into view if needed
  done scrolling
  <div class="xn-content">…</div> from <div class="xn-component" id="AB0NA8FO83UO1NJX3W69NPM…>…</div> subtree intercepts pointer events
retrying click action, attempt #58
  waiting 500ms
============================================================
    at ProgressController.run (C:\Users\Prabu\AppData\Local\Temp\playwright-java-17930539558308872634\package\lib\server\progress.js:96:26)
    at Frame.click (C:\Users\Prabu\AppData\Local\Temp\playwright-java-17930539558308872634\package\lib\server\frames.js:1191:23)
    at FrameDispatcher.click (C:\Users\Prabu\AppData\Local\Temp\playwright-java-17930539558308872634\package\lib\server\dispatchers\frameDispatcher.js:173:30)
    at DispatcherConnection.dispatch (C:\Users\Prabu\AppData\Local\Temp\playwright-java-17930539558308872634\package\lib\server\dispatchers\dispatcher.js:401:46)
}
at com.microsoft.playwright.impl.Connection.dispatch(Connection.java:193)
at com.microsoft.playwright.impl.Connection.processOneMessage(Connection.java:175)
at com.microsoft.playwright.impl.ChannelOwner.runUntil(ChannelOwner.java:109)
... 40 more
]]>
            </full-stacktrace>
          </exception> <!-- com.microsoft.playwright.TimeoutError -->
          <reporter-output>
          </reporter-output>
        </test-method> <!-- browser_actions -->
      </class> <!-- leisureCenter.Booking -->
    </test> <!-- Default test -->
  </suite> <!-- Default suite -->
</testng-results>
